<?xml version="1.0" encoding="UTF-8"?>
<!-- Generated by org.testng.reporters.JUnitXMLReporter -->
<testsuite hostname="Sasha" ignored="1" name="testNGgrouping" tests="4" failures="0" timestamp="10 Feb 2019 02:26:25 GMT" time="0.047" errors="0">
  <testcase name="f" time="0.015" classname="TestNNNNNG.NewTest"/>
  <testcase name="f1" time="0.016" classname="TestNNNNNG.NewTest"/>
  <testcase name="f2" time="0.0" classname="TestNNNNNG.NewTest"/>
  <testcase name="f4" time="0.0" classname="TestNNNNNG.NewTest"/>
  <testcase name="f3" time="0.0" classname="TestNNNNNG.NewTest">
    <ignored/>
  </testcase> <!-- f3 -->
</testsuite> <!-- testNGgrouping -->
